[16-Oct-2024 12:24:00 UTC] PHP Warning:  session_set_cookie_params(): Cannot change session cookie parameters when session is active in /home/www/htdocs/squirrelmail/functions/global.php on line 472
[16-Oct-2024 12:24:00 UTC] PHP Warning:  session_set_cookie_params(): Cannot change session cookie parameters when session is active in /home/www/htdocs/squirrelmail/functions/global.php on line 472
[16-Oct-2024 12:24:00 UTC] PHP Warning:  session_set_cookie_params(): Cannot change session cookie parameters when session is active in /home/www/htdocs/squirrelmail/functions/global.php on line 472
[16-Oct-2024 12:24:00 UTC] PHP Warning:  session_set_cookie_params(): Cannot change session cookie parameters when session is active in /home/www/htdocs/squirrelmail/functions/global.php on line 472
[16-Oct-2024 12:24:00 UTC] PHP Warning:  session_set_cookie_params(): Cannot change session cookie parameters when session is active in /home/www/htdocs/squirrelmail/functions/global.php on line 472
[16-Oct-2024 12:24:00 UTC] PHP Warning:  session_set_cookie_params(): Cannot change session cookie parameters when session is active in /home/www/htdocs/squirrelmail/functions/global.php on line 472
[16-Oct-2024 12:29:39 UTC] PHP Warning:  session_set_cookie_params(): Cannot change session cookie parameters when session is active in /home/www/htdocs/squirrelmail/functions/global.php on line 472
[16-Oct-2024 12:29:39 UTC] PHP Warning:  session_set_cookie_params(): Cannot change session cookie parameters when session is active in /home/www/htdocs/squirrelmail/functions/global.php on line 472
[16-Oct-2024 12:29:39 UTC] PHP Warning:  session_set_cookie_params(): Cannot change session cookie parameters when session is active in /home/www/htdocs/squirrelmail/functions/global.php on line 472
[16-Oct-2024 12:29:39 UTC] PHP Warning:  session_set_cookie_params(): Cannot change session cookie parameters when session is active in /home/www/htdocs/squirrelmail/functions/global.php on line 472
[16-Oct-2024 12:29:39 UTC] PHP Warning:  session_set_cookie_params(): Cannot change session cookie parameters when session is active in /home/www/htdocs/squirrelmail/functions/global.php on line 472
[16-Oct-2024 12:29:39 UTC] PHP Warning:  session_set_cookie_params(): Cannot change session cookie parameters when session is active in /home/www/htdocs/squirrelmail/functions/global.php on line 472
[16-Oct-2024 12:29:39 UTC] PHP Warning:  session_set_cookie_params(): Cannot change session cookie parameters when session is active in /home/www/htdocs/squirrelmail/functions/global.php on line 472
[16-Oct-2024 12:29:39 UTC] PHP Warning:  session_set_cookie_params(): Cannot change session cookie parameters when session is active in /home/www/htdocs/squirrelmail/functions/global.php on line 472
[17-Oct-2024 01:39:29 UTC] PHP Warning:  session_set_cookie_params(): Cannot change session cookie parameters when session is active in /home/www/htdocs/squirrelmail/functions/global.php on line 472
[17-Oct-2024 01:39:29 UTC] PHP Warning:  session_set_cookie_params(): Cannot change session cookie parameters when session is active in /home/www/htdocs/squirrelmail/functions/global.php on line 472
[17-Oct-2024 01:39:29 UTC] PHP Warning:  session_set_cookie_params(): Cannot change session cookie parameters when session is active in /home/www/htdocs/squirrelmail/functions/global.php on line 472
[17-Oct-2024 01:39:29 UTC] PHP Warning:  session_set_cookie_params(): Cannot change session cookie parameters when session is active in /home/www/htdocs/squirrelmail/functions/global.php on line 472
[17-Oct-2024 01:39:29 UTC] PHP Warning:  session_set_cookie_params(): Cannot change session cookie parameters when session is active in /home/www/htdocs/squirrelmail/functions/global.php on line 472
[17-Oct-2024 01:39:29 UTC] PHP Warning:  session_set_cookie_params(): Cannot change session cookie parameters when session is active in /home/www/htdocs/squirrelmail/functions/global.php on line 472
[17-Oct-2024 01:39:30 UTC] PHP Warning:  session_set_cookie_params(): Cannot change session cookie parameters when session is active in /home/www/htdocs/squirrelmail/functions/global.php on line 472
[17-Oct-2024 01:39:30 UTC] PHP Warning:  session_set_cookie_params(): Cannot change session cookie parameters when session is active in /home/www/htdocs/squirrelmail/functions/global.php on line 472
[17-Oct-2024 01:39:30 UTC] PHP Warning:  session_set_cookie_params(): Cannot change session cookie parameters when session is active in /home/www/htdocs/squirrelmail/functions/global.php on line 472
[17-Oct-2024 01:39:30 UTC] PHP Warning:  session_set_cookie_params(): Cannot change session cookie parameters when session is active in /home/www/htdocs/squirrelmail/functions/global.php on line 472
[17-Oct-2024 01:39:30 UTC] PHP Warning:  session_set_cookie_params(): Cannot change session cookie parameters when session is active in /home/www/htdocs/squirrelmail/functions/global.php on line 472
[17-Oct-2024 01:39:30 UTC] PHP Warning:  session_set_cookie_params(): Cannot change session cookie parameters when session is active in /home/www/htdocs/squirrelmail/functions/global.php on line 472
[17-Oct-2024 01:39:34 UTC] PHP Warning:  session_set_cookie_params(): Cannot change session cookie parameters when session is active in /home/www/htdocs/squirrelmail/functions/global.php on line 472
[17-Oct-2024 01:39:34 UTC] PHP Warning:  session_set_cookie_params(): Cannot change session cookie parameters when session is active in /home/www/htdocs/squirrelmail/functions/global.php on line 472
[17-Oct-2024 01:39:34 UTC] PHP Warning:  session_set_cookie_params(): Cannot change session cookie parameters when session is active in /home/www/htdocs/squirrelmail/functions/global.php on line 472
[17-Oct-2024 01:39:34 UTC] PHP Warning:  session_set_cookie_params(): Cannot change session cookie parameters when session is active in /home/www/htdocs/squirrelmail/functions/global.php on line 472
[17-Oct-2024 01:39:34 UTC] PHP Warning:  session_set_cookie_params(): Cannot change session cookie parameters when session is active in /home/www/htdocs/squirrelmail/functions/global.php on line 472
[17-Oct-2024 01:39:34 UTC] PHP Warning:  session_set_cookie_params(): Cannot change session cookie parameters when session is active in /home/www/htdocs/squirrelmail/functions/global.php on line 472
[17-Oct-2024 01:39:34 UTC] PHP Warning:  session_set_cookie_params(): Cannot change session cookie parameters when session is active in /home/www/htdocs/squirrelmail/functions/global.php on line 472
[17-Oct-2024 01:39:34 UTC] PHP Warning:  session_set_cookie_params(): Cannot change session cookie parameters when session is active in /home/www/htdocs/squirrelmail/functions/global.php on line 472
[17-Oct-2024 01:39:34 UTC] PHP Warning:  session_set_cookie_params(): Cannot change session cookie parameters when session is active in /home/www/htdocs/squirrelmail/functions/global.php on line 472
[17-Oct-2024 01:39:34 UTC] PHP Warning:  session_set_cookie_params(): Cannot change session cookie parameters when session is active in /home/www/htdocs/squirrelmail/functions/global.php on line 472
[17-Oct-2024 01:39:34 UTC] PHP Warning:  session_set_cookie_params(): Cannot change session cookie parameters when session is active in /home/www/htdocs/squirrelmail/functions/global.php on line 472
[17-Oct-2024 01:39:34 UTC] PHP Warning:  session_set_cookie_params(): Cannot change session cookie parameters when session is active in /home/www/htdocs/squirrelmail/functions/global.php on line 472
[17-Oct-2024 01:39:43 UTC] PHP Warning:  session_set_cookie_params(): Cannot change session cookie parameters when session is active in /home/www/htdocs/squirrelmail/functions/global.php on line 472
[17-Oct-2024 01:39:43 UTC] PHP Warning:  session_set_cookie_params(): Cannot change session cookie parameters when session is active in /home/www/htdocs/squirrelmail/functions/global.php on line 472
[17-Oct-2024 01:39:43 UTC] PHP Warning:  session_set_cookie_params(): Cannot change session cookie parameters when session is active in /home/www/htdocs/squirrelmail/functions/global.php on line 472
[17-Oct-2024 01:39:43 UTC] PHP Warning:  session_set_cookie_params(): Cannot change session cookie parameters when session is active in /home/www/htdocs/squirrelmail/functions/global.php on line 472
[17-Oct-2024 01:39:43 UTC] PHP Warning:  session_set_cookie_params(): Cannot change session cookie parameters when session is active in /home/www/htdocs/squirrelmail/functions/global.php on line 472
[17-Oct-2024 01:39:43 UTC] PHP Warning:  session_set_cookie_params(): Cannot change session cookie parameters when session is active in /home/www/htdocs/squirrelmail/functions/global.php on line 472
[17-Oct-2024 01:39:43 UTC] PHP Warning:  session_set_cookie_params(): Cannot change session cookie parameters when session is active in /home/www/htdocs/squirrelmail/functions/global.php on line 472
[17-Oct-2024 01:39:43 UTC] PHP Warning:  session_set_cookie_params(): Cannot change session cookie parameters when session is active in /home/www/htdocs/squirrelmail/functions/global.php on line 472
[17-Oct-2024 01:39:43 UTC] PHP Warning:  session_set_cookie_params(): Cannot change session cookie parameters when session is active in /home/www/htdocs/squirrelmail/functions/global.php on line 472
[17-Oct-2024 01:39:43 UTC] PHP Warning:  session_set_cookie_params(): Cannot change session cookie parameters when session is active in /home/www/htdocs/squirrelmail/functions/global.php on line 472
[17-Oct-2024 01:39:43 UTC] PHP Warning:  session_set_cookie_params(): Cannot change session cookie parameters when session is active in /home/www/htdocs/squirrelmail/functions/global.php on line 472
[17-Oct-2024 01:39:43 UTC] PHP Warning:  session_set_cookie_params(): Cannot change session cookie parameters when session is active in /home/www/htdocs/squirrelmail/functions/global.php on line 472
[17-Oct-2024 01:39:43 UTC] PHP Warning:  Illegal string offset '' in /home/www/htdocs/squirrelmail/functions/imap_general.php on line 708
[17-Oct-2024 01:39:43 UTC] PHP Warning:  session_set_cookie_params(): Cannot change session cookie parameters when session is active in /home/www/htdocs/squirrelmail/functions/global.php on line 472
[17-Oct-2024 01:39:43 UTC] PHP Warning:  session_set_cookie_params(): Cannot change session cookie parameters when session is active in /home/www/htdocs/squirrelmail/functions/global.php on line 472
[17-Oct-2024 01:39:43 UTC] PHP Warning:  session_set_cookie_params(): Cannot change session cookie parameters when session is active in /home/www/htdocs/squirrelmail/functions/global.php on line 472
[17-Oct-2024 01:39:43 UTC] PHP Warning:  session_set_cookie_params(): Cannot change session cookie parameters when session is active in /home/www/htdocs/squirrelmail/functions/global.php on line 472
[17-Oct-2024 01:39:43 UTC] PHP Warning:  session_set_cookie_params(): Cannot change session cookie parameters when session is active in /home/www/htdocs/squirrelmail/functions/global.php on line 472
[17-Oct-2024 01:39:43 UTC] PHP Warning:  session_set_cookie_params(): Cannot change session cookie parameters when session is active in /home/www/htdocs/squirrelmail/functions/global.php on line 472
[17-Oct-2024 01:39:43 UTC] PHP Warning:  session_set_cookie_params(): Cannot change session cookie parameters when session is active in /home/www/htdocs/squirrelmail/functions/global.php on line 472
[17-Oct-2024 01:39:43 UTC] PHP Warning:  session_set_cookie_params(): Cannot change session cookie parameters when session is active in /home/www/htdocs/squirrelmail/functions/global.php on line 472
[17-Oct-2024 01:39:43 UTC] PHP Warning:  session_set_cookie_params(): Cannot change session cookie parameters when session is active in /home/www/htdocs/squirrelmail/functions/global.php on line 472
[17-Oct-2024 01:39:43 UTC] PHP Warning:  session_set_cookie_params(): Cannot change session cookie parameters when session is active in /home/www/htdocs/squirrelmail/functions/global.php on line 472
[17-Oct-2024 01:39:43 UTC] PHP Warning:  session_set_cookie_params(): Cannot change session cookie parameters when session is active in /home/www/htdocs/squirrelmail/functions/global.php on line 472
[17-Oct-2024 01:39:43 UTC] PHP Warning:  session_set_cookie_params(): Cannot change session cookie parameters when session is active in /home/www/htdocs/squirrelmail/functions/global.php on line 472
[17-Oct-2024 01:39:43 UTC] PHP Warning:  session_set_cookie_params(): Cannot change session cookie parameters when session is active in /home/www/htdocs/squirrelmail/functions/global.php on line 472
[17-Oct-2024 01:39:43 UTC] PHP Warning:  session_set_cookie_params(): Cannot change session cookie parameters when session is active in /home/www/htdocs/squirrelmail/functions/global.php on line 472
[17-Oct-2024 01:39:43 UTC] PHP Warning:  session_set_cookie_params(): Cannot change session cookie parameters when session is active in /home/www/htdocs/squirrelmail/functions/global.php on line 472
[17-Oct-2024 01:39:43 UTC] PHP Warning:  session_set_cookie_params(): Cannot change session cookie parameters when session is active in /home/www/htdocs/squirrelmail/functions/global.php on line 472
[17-Oct-2024 01:39:43 UTC] PHP Warning:  session_set_cookie_params(): Cannot change session cookie parameters when session is active in /home/www/htdocs/squirrelmail/functions/global.php on line 472
[17-Oct-2024 01:39:43 UTC] PHP Warning:  session_set_cookie_params(): Cannot change session cookie parameters when session is active in /home/www/htdocs/squirrelmail/functions/global.php on line 472
[17-Oct-2024 01:39:43 UTC] PHP Warning:  session_set_cookie_params(): Cannot change session cookie parameters when session is active in /home/www/htdocs/squirrelmail/functions/global.php on line 472
[17-Oct-2024 01:39:43 UTC] PHP Warning:  session_set_cookie_params(): Cannot change session cookie parameters when session is active in /home/www/htdocs/squirrelmail/functions/global.php on line 472
[17-Oct-2024 01:39:43 UTC] PHP Warning:  session_set_cookie_params(): Cannot change session cookie parameters when session is active in /home/www/htdocs/squirrelmail/functions/global.php on line 472
[17-Oct-2024 01:39:43 UTC] PHP Warning:  session_set_cookie_params(): Cannot change session cookie parameters when session is active in /home/www/htdocs/squirrelmail/functions/global.php on line 472
[17-Oct-2024 01:39:43 UTC] PHP Warning:  session_set_cookie_params(): Cannot change session cookie parameters when session is active in /home/www/htdocs/squirrelmail/functions/global.php on line 472
[17-Oct-2024 01:39:43 UTC] PHP Warning:  session_set_cookie_params(): Cannot change session cookie parameters when session is active in /home/www/htdocs/squirrelmail/functions/global.php on line 472
[17-Oct-2024 01:39:43 UTC] PHP Warning:  session_set_cookie_params(): Cannot change session cookie parameters when session is active in /home/www/htdocs/squirrelmail/functions/global.php on line 472
[17-Oct-2024 01:39:43 UTC] PHP Warning:  session_set_cookie_params(): Cannot change session cookie parameters when session is active in /home/www/htdocs/squirrelmail/functions/global.php on line 472
[17-Oct-2024 01:39:43 UTC] PHP Warning:  session_set_cookie_params(): Cannot change session cookie parameters when session is active in /home/www/htdocs/squirrelmail/functions/global.php on line 472
[17-Oct-2024 01:39:43 UTC] PHP Warning:  session_set_cookie_params(): Cannot change session cookie parameters when session is active in /home/www/htdocs/squirrelmail/functions/global.php on line 472
[17-Oct-2024 01:39:43 UTC] PHP Warning:  session_set_cookie_params(): Cannot change session cookie parameters when session is active in /home/www/htdocs/squirrelmail/functions/global.php on line 472
[17-Oct-2024 01:39:43 UTC] PHP Warning:  preg_replace(): The /e modifier is no longer supported, use preg_replace_callback instead in /home/www/htdocs/squirrelmail/functions/decode/utf_8.php on line 78
[17-Oct-2024 01:39:43 UTC] PHP Warning:  preg_replace(): The /e modifier is no longer supported, use preg_replace_callback instead in /home/www/htdocs/squirrelmail/functions/decode/utf_8.php on line 83
[17-Oct-2024 01:39:43 UTC] PHP Warning:  preg_replace(): The /e modifier is no longer supported, use preg_replace_callback instead in /home/www/htdocs/squirrelmail/functions/decode/utf_8.php on line 88
[17-Oct-2024 01:39:43 UTC] PHP Warning:  session_set_cookie_params(): Cannot change session cookie parameters when session is active in /home/www/htdocs/squirrelmail/functions/global.php on line 472
[17-Oct-2024 01:39:43 UTC] PHP Warning:  session_set_cookie_params(): Cannot change session cookie parameters when session is active in /home/www/htdocs/squirrelmail/functions/global.php on line 472
[17-Oct-2024 01:39:43 UTC] PHP Warning:  session_set_cookie_params(): Cannot change session cookie parameters when session is active in /home/www/htdocs/squirrelmail/functions/global.php on line 472
[17-Oct-2024 01:39:43 UTC] PHP Warning:  session_set_cookie_params(): Cannot change session cookie parameters when session is active in /home/www/htdocs/squirrelmail/functions/global.php on line 472
[17-Oct-2024 01:39:43 UTC] PHP Warning:  session_set_cookie_params(): Cannot change session cookie parameters when session is active in /home/www/htdocs/squirrelmail/functions/global.php on line 472
[17-Oct-2024 01:39:43 UTC] PHP Warning:  preg_replace(): The /e modifier is no longer supported, use preg_replace_callback instead in /home/www/htdocs/squirrelmail/functions/decode/utf_8.php on line 78
[17-Oct-2024 01:39:43 UTC] PHP Warning:  preg_replace(): The /e modifier is no longer supported, use preg_replace_callback instead in /home/www/htdocs/squirrelmail/functions/decode/utf_8.php on line 83
[17-Oct-2024 01:39:43 UTC] PHP Warning:  preg_replace(): The /e modifier is no longer supported, use preg_replace_callback instead in /home/www/htdocs/squirrelmail/functions/decode/utf_8.php on line 88
[17-Oct-2024 01:39:43 UTC] PHP Warning:  session_set_cookie_params(): Cannot change session cookie parameters when session is active in /home/www/htdocs/squirrelmail/functions/global.php on line 472
[17-Oct-2024 01:39:43 UTC] PHP Warning:  session_set_cookie_params(): Cannot change session cookie parameters when session is active in /home/www/htdocs/squirrelmail/functions/global.php on line 472
[17-Oct-2024 01:39:43 UTC] PHP Warning:  session_set_cookie_params(): Cannot change session cookie parameters when session is active in /home/www/htdocs/squirrelmail/functions/global.php on line 472
[17-Oct-2024 01:39:43 UTC] PHP Warning:  session_set_cookie_params(): Cannot change session cookie parameters when session is active in /home/www/htdocs/squirrelmail/functions/global.php on line 472
[17-Oct-2024 01:39:43 UTC] PHP Warning:  session_set_cookie_params(): Cannot change session cookie parameters when session is active in /home/www/htdocs/squirrelmail/functions/global.php on line 472
[17-Oct-2024 01:39:43 UTC] PHP Warning:  session_set_cookie_params(): Cannot change session cookie parameters when session is active in /home/www/htdocs/squirrelmail/functions/global.php on line 472
[17-Oct-2024 01:39:43 UTC] PHP Warning:  session_set_cookie_params(): Cannot change session cookie parameters when session is active in /home/www/htdocs/squirrelmail/functions/global.php on line 472
[17-Oct-2024 01:39:43 UTC] PHP Warning:  session_set_cookie_params(): Cannot change session cookie parameters when session is active in /home/www/htdocs/squirrelmail/functions/global.php on line 472
[17-Oct-2024 01:39:43 UTC] PHP Warning:  session_set_cookie_params(): Cannot change session cookie parameters when session is active in /home/www/htdocs/squirrelmail/functions/global.php on line 472
[17-Oct-2024 01:39:43 UTC] PHP Warning:  session_set_cookie_params(): Cannot change session cookie parameters when session is active in /home/www/htdocs/squirrelmail/functions/global.php on line 472
[17-Oct-2024 01:39:43 UTC] PHP Warning:  session_set_cookie_params(): Cannot change session cookie parameters when session is active in /home/www/htdocs/squirrelmail/functions/global.php on line 472
[17-Oct-2024 01:39:43 UTC] PHP Warning:  session_set_cookie_params(): Cannot change session cookie parameters when session is active in /home/www/htdocs/squirrelmail/functions/global.php on line 472
[17-Oct-2024 01:39:46 UTC] PHP Warning:  session_set_cookie_params(): Cannot change session cookie parameters when session is active in /home/www/htdocs/squirrelmail/functions/global.php on line 472
[17-Oct-2024 01:39:46 UTC] PHP Warning:  session_set_cookie_params(): Cannot change session cookie parameters when session is active in /home/www/htdocs/squirrelmail/functions/global.php on line 472
[17-Oct-2024 01:39:46 UTC] PHP Warning:  session_set_cookie_params(): Cannot change session cookie parameters when session is active in /home/www/htdocs/squirrelmail/functions/global.php on line 472
[17-Oct-2024 01:39:46 UTC] PHP Warning:  session_set_cookie_params(): Cannot change session cookie parameters when session is active in /home/www/htdocs/squirrelmail/functions/global.php on line 472
[17-Oct-2024 01:39:46 UTC] PHP Warning:  session_set_cookie_params(): Cannot change session cookie parameters when session is active in /home/www/htdocs/squirrelmail/functions/global.php on line 472
[17-Oct-2024 01:39:46 UTC] PHP Warning:  session_set_cookie_params(): Cannot change session cookie parameters when session is active in /home/www/htdocs/squirrelmail/functions/global.php on line 472
[17-Oct-2024 01:39:46 UTC] PHP Warning:  session_set_cookie_params(): Cannot change session cookie parameters when session is active in /home/www/htdocs/squirrelmail/functions/global.php on line 472
[17-Oct-2024 01:39:46 UTC] PHP Warning:  session_set_cookie_params(): Cannot change session cookie parameters when session is active in /home/www/htdocs/squirrelmail/functions/global.php on line 472
[17-Oct-2024 01:39:46 UTC] PHP Warning:  session_set_cookie_params(): Cannot change session cookie parameters when session is active in /home/www/htdocs/squirrelmail/functions/global.php on line 472
[17-Oct-2024 01:39:46 UTC] PHP Warning:  session_set_cookie_params(): Cannot change session cookie parameters when session is active in /home/www/htdocs/squirrelmail/functions/global.php on line 472
[17-Oct-2024 01:39:46 UTC] PHP Warning:  session_set_cookie_params(): Cannot change session cookie parameters when session is active in /home/www/htdocs/squirrelmail/functions/global.php on line 472
[17-Oct-2024 01:39:46 UTC] PHP Warning:  session_set_cookie_params(): Cannot change session cookie parameters when session is active in /home/www/htdocs/squirrelmail/functions/global.php on line 472
[17-Oct-2024 01:39:47 UTC] PHP Warning:  session_set_cookie_params(): Cannot change session cookie parameters when session is active in /home/www/htdocs/squirrelmail/functions/global.php on line 472
[17-Oct-2024 01:39:47 UTC] PHP Warning:  session_set_cookie_params(): Cannot change session cookie parameters when session is active in /home/www/htdocs/squirrelmail/functions/global.php on line 472
[17-Oct-2024 01:39:47 UTC] PHP Warning:  session_set_cookie_params(): Cannot change session cookie parameters when session is active in /home/www/htdocs/squirrelmail/functions/global.php on line 472
[17-Oct-2024 01:39:47 UTC] PHP Warning:  session_set_cookie_params(): Cannot change session cookie parameters when session is active in /home/www/htdocs/squirrelmail/functions/global.php on line 472
[17-Oct-2024 01:39:47 UTC] PHP Warning:  session_set_cookie_params(): Cannot change session cookie parameters when session is active in /home/www/htdocs/squirrelmail/functions/global.php on line 472
[17-Oct-2024 01:39:47 UTC] PHP Warning:  session_set_cookie_params(): Cannot change session cookie parameters when session is active in /home/www/htdocs/squirrelmail/functions/global.php on line 472
[17-Oct-2024 01:39:47 UTC] PHP Warning:  session_set_cookie_params(): Cannot change session cookie parameters when session is active in /home/www/htdocs/squirrelmail/functions/global.php on line 472
[17-Oct-2024 01:39:47 UTC] PHP Warning:  session_set_cookie_params(): Cannot change session cookie parameters when session is active in /home/www/htdocs/squirrelmail/functions/global.php on line 472
[17-Oct-2024 01:39:47 UTC] PHP Warning:  session_set_cookie_params(): Cannot change session cookie parameters when session is active in /home/www/htdocs/squirrelmail/functions/global.php on line 472
[17-Oct-2024 01:39:47 UTC] PHP Warning:  session_set_cookie_params(): Cannot change session cookie parameters when session is active in /home/www/htdocs/squirrelmail/functions/global.php on line 472
[17-Oct-2024 01:39:47 UTC] PHP Warning:  session_set_cookie_params(): Cannot change session cookie parameters when session is active in /home/www/htdocs/squirrelmail/functions/global.php on line 472
[17-Oct-2024 01:39:47 UTC] PHP Warning:  session_set_cookie_params(): Cannot change session cookie parameters when session is active in /home/www/htdocs/squirrelmail/functions/global.php on line 472
[17-Oct-2024 01:39:48 UTC] PHP Warning:  session_set_cookie_params(): Cannot change session cookie parameters when session is active in /home/www/htdocs/squirrelmail/functions/global.php on line 472
[17-Oct-2024 01:39:48 UTC] PHP Warning:  session_set_cookie_params(): Cannot change session cookie parameters when session is active in /home/www/htdocs/squirrelmail/functions/global.php on line 472
[17-Oct-2024 01:39:48 UTC] PHP Warning:  session_set_cookie_params(): Cannot change session cookie parameters when session is active in /home/www/htdocs/squirrelmail/functions/global.php on line 472
[17-Oct-2024 01:39:48 UTC] PHP Warning:  session_set_cookie_params(): Cannot change session cookie parameters when session is active in /home/www/htdocs/squirrelmail/functions/global.php on line 472
[17-Oct-2024 01:39:48 UTC] PHP Warning:  session_set_cookie_params(): Cannot change session cookie parameters when session is active in /home/www/htdocs/squirrelmail/functions/global.php on line 472
[17-Oct-2024 01:39:48 UTC] PHP Warning:  session_set_cookie_params(): Cannot change session cookie parameters when session is active in /home/www/htdocs/squirrelmail/functions/global.php on line 472
[17-Oct-2024 01:39:48 UTC] PHP Warning:  session_set_cookie_params(): Cannot change session cookie parameters when session is active in /home/www/htdocs/squirrelmail/functions/global.php on line 472
[17-Oct-2024 01:39:48 UTC] PHP Warning:  session_set_cookie_params(): Cannot change session cookie parameters when session is active in /home/www/htdocs/squirrelmail/functions/global.php on line 472
[17-Oct-2024 01:39:48 UTC] PHP Warning:  session_set_cookie_params(): Cannot change session cookie parameters when session is active in /home/www/htdocs/squirrelmail/functions/global.php on line 472
[17-Oct-2024 01:39:48 UTC] PHP Warning:  session_set_cookie_params(): Cannot change session cookie parameters when session is active in /home/www/htdocs/squirrelmail/functions/global.php on line 472
[17-Oct-2024 01:39:48 UTC] PHP Warning:  session_set_cookie_params(): Cannot change session cookie parameters when session is active in /home/www/htdocs/squirrelmail/functions/global.php on line 472
[17-Oct-2024 01:39:48 UTC] PHP Warning:  session_set_cookie_params(): Cannot change session cookie parameters when session is active in /home/www/htdocs/squirrelmail/functions/global.php on line 472
[17-Oct-2024 01:39:49 UTC] PHP Warning:  session_set_cookie_params(): Cannot change session cookie parameters when session is active in /home/www/htdocs/squirrelmail/functions/global.php on line 472
[17-Oct-2024 01:39:49 UTC] PHP Warning:  session_set_cookie_params(): Cannot change session cookie parameters when session is active in /home/www/htdocs/squirrelmail/functions/global.php on line 472
[17-Oct-2024 01:39:49 UTC] PHP Warning:  session_set_cookie_params(): Cannot change session cookie parameters when session is active in /home/www/htdocs/squirrelmail/functions/global.php on line 472
[17-Oct-2024 01:39:49 UTC] PHP Warning:  session_set_cookie_params(): Cannot change session cookie parameters when session is active in /home/www/htdocs/squirrelmail/functions/global.php on line 472
[17-Oct-2024 01:39:49 UTC] PHP Warning:  session_set_cookie_params(): Cannot change session cookie parameters when session is active in /home/www/htdocs/squirrelmail/functions/global.php on line 472
[17-Oct-2024 01:39:49 UTC] PHP Warning:  session_set_cookie_params(): Cannot change session cookie parameters when session is active in /home/www/htdocs/squirrelmail/functions/global.php on line 472
[17-Oct-2024 01:39:49 UTC] PHP Warning:  session_set_cookie_params(): Cannot change session cookie parameters when session is active in /home/www/htdocs/squirrelmail/functions/global.php on line 472
[17-Oct-2024 01:39:49 UTC] PHP Warning:  session_set_cookie_params(): Cannot change session cookie parameters when session is active in /home/www/htdocs/squirrelmail/functions/global.php on line 472
[17-Oct-2024 01:39:49 UTC] PHP Warning:  session_set_cookie_params(): Cannot change session cookie parameters when session is active in /home/www/htdocs/squirrelmail/functions/global.php on line 472
[17-Oct-2024 01:39:49 UTC] PHP Warning:  session_set_cookie_params(): Cannot change session cookie parameters when session is active in /home/www/htdocs/squirrelmail/functions/global.php on line 472
[17-Oct-2024 01:39:49 UTC] PHP Warning:  session_set_cookie_params(): Cannot change session cookie parameters when session is active in /home/www/htdocs/squirrelmail/functions/global.php on line 472
[17-Oct-2024 01:39:49 UTC] PHP Warning:  session_set_cookie_params(): Cannot change session cookie parameters when session is active in /home/www/htdocs/squirrelmail/functions/global.php on line 472
[17-Oct-2024 01:39:49 UTC] PHP Warning:  preg_replace(): The /e modifier is no longer supported, use preg_replace_callback instead in /home/www/htdocs/squirrelmail/functions/decode/utf_8.php on line 78
[17-Oct-2024 01:39:49 UTC] PHP Warning:  preg_replace(): The /e modifier is no longer supported, use preg_replace_callback instead in /home/www/htdocs/squirrelmail/functions/decode/utf_8.php on line 83
[17-Oct-2024 01:39:49 UTC] PHP Warning:  preg_replace(): The /e modifier is no longer supported, use preg_replace_callback instead in /home/www/htdocs/squirrelmail/functions/decode/utf_8.php on line 88
[17-Oct-2024 01:39:49 UTC] PHP Warning:  session_set_cookie_params(): Cannot change session cookie parameters when session is active in /home/www/htdocs/squirrelmail/functions/global.php on line 472
[17-Oct-2024 01:39:49 UTC] PHP Warning:  session_set_cookie_params(): Cannot change session cookie parameters when session is active in /home/www/htdocs/squirrelmail/functions/global.php on line 472
[17-Oct-2024 01:39:49 UTC] PHP Warning:  session_set_cookie_params(): Cannot change session cookie parameters when session is active in /home/www/htdocs/squirrelmail/functions/global.php on line 472
[17-Oct-2024 01:39:49 UTC] PHP Warning:  preg_replace(): The /e modifier is no longer supported, use preg_replace_callback instead in /home/www/htdocs/squirrelmail/functions/decode/utf_8.php on line 78
[17-Oct-2024 01:39:49 UTC] PHP Warning:  preg_replace(): The /e modifier is no longer supported, use preg_replace_callback instead in /home/www/htdocs/squirrelmail/functions/decode/utf_8.php on line 83
[17-Oct-2024 01:39:49 UTC] PHP Warning:  preg_replace(): The /e modifier is no longer supported, use preg_replace_callback instead in /home/www/htdocs/squirrelmail/functions/decode/utf_8.php on line 88
[17-Oct-2024 01:39:49 UTC] PHP Warning:  session_set_cookie_params(): Cannot change session cookie parameters when session is active in /home/www/htdocs/squirrelmail/functions/global.php on line 472
[17-Oct-2024 01:39:49 UTC] PHP Warning:  session_set_cookie_params(): Cannot change session cookie parameters when session is active in /home/www/htdocs/squirrelmail/functions/global.php on line 472
[17-Oct-2024 01:39:49 UTC] PHP Warning:  session_set_cookie_params(): Cannot change session cookie parameters when session is active in /home/www/htdocs/squirrelmail/functions/global.php on line 472
[17-Oct-2024 01:39:51 UTC] PHP Warning:  session_set_cookie_params(): Cannot change session cookie parameters when session is active in /home/www/htdocs/squirrelmail/functions/global.php on line 472
[17-Oct-2024 01:39:51 UTC] PHP Warning:  session_set_cookie_params(): Cannot change session cookie parameters when session is active in /home/www/htdocs/squirrelmail/functions/global.php on line 472
[17-Oct-2024 01:39:51 UTC] PHP Warning:  session_set_cookie_params(): Cannot change session cookie parameters when session is active in /home/www/htdocs/squirrelmail/functions/global.php on line 472
[17-Oct-2024 01:39:51 UTC] PHP Warning:  session_set_cookie_params(): Cannot change session cookie parameters when session is active in /home/www/htdocs/squirrelmail/functions/global.php on line 472
[17-Oct-2024 01:39:51 UTC] PHP Warning:  session_set_cookie_params(): Cannot change session cookie parameters when session is active in /home/www/htdocs/squirrelmail/functions/global.php on line 472
[17-Oct-2024 01:39:51 UTC] PHP Warning:  session_set_cookie_params(): Cannot change session cookie parameters when session is active in /home/www/htdocs/squirrelmail/functions/global.php on line 472
[17-Oct-2024 01:39:51 UTC] PHP Warning:  session_set_cookie_params(): Cannot change session cookie parameters when session is active in /home/www/htdocs/squirrelmail/functions/global.php on line 472
[17-Oct-2024 01:39:53 UTC] PHP Warning:  session_set_cookie_params(): Cannot change session cookie parameters when session is active in /home/www/htdocs/squirrelmail/functions/global.php on line 472
[17-Oct-2024 01:39:53 UTC] PHP Warning:  session_set_cookie_params(): Cannot change session cookie parameters when session is active in /home/www/htdocs/squirrelmail/functions/global.php on line 472
[17-Oct-2024 01:39:53 UTC] PHP Warning:  session_set_cookie_params(): Cannot change session cookie parameters when session is active in /home/www/htdocs/squirrelmail/functions/global.php on line 472
[17-Oct-2024 01:39:53 UTC] PHP Warning:  session_set_cookie_params(): Cannot change session cookie parameters when session is active in /home/www/htdocs/squirrelmail/functions/global.php on line 472
[17-Oct-2024 01:39:53 UTC] PHP Warning:  session_set_cookie_params(): Cannot change session cookie parameters when session is active in /home/www/htdocs/squirrelmail/functions/global.php on line 472
[17-Oct-2024 01:39:53 UTC] PHP Warning:  session_set_cookie_params(): Cannot change session cookie parameters when session is active in /home/www/htdocs/squirrelmail/functions/global.php on line 472
[17-Oct-2024 01:39:53 UTC] PHP Warning:  session_set_cookie_params(): Cannot change session cookie parameters when session is active in /home/www/htdocs/squirrelmail/functions/global.php on line 472
[17-Oct-2024 01:39:53 UTC] PHP Warning:  session_set_cookie_params(): Cannot change session cookie parameters when session is active in /home/www/htdocs/squirrelmail/functions/global.php on line 472
[17-Oct-2024 01:39:53 UTC] PHP Warning:  session_set_cookie_params(): Cannot change session cookie parameters when session is active in /home/www/htdocs/squirrelmail/functions/global.php on line 472
[17-Oct-2024 01:39:53 UTC] PHP Warning:  session_set_cookie_params(): Cannot change session cookie parameters when session is active in /home/www/htdocs/squirrelmail/functions/global.php on line 472
[17-Oct-2024 01:39:53 UTC] PHP Warning:  session_set_cookie_params(): Cannot change session cookie parameters when session is active in /home/www/htdocs/squirrelmail/functions/global.php on line 472
[17-Oct-2024 01:39:53 UTC] PHP Warning:  session_set_cookie_params(): Cannot change session cookie parameters when session is active in /home/www/htdocs/squirrelmail/functions/global.php on line 472
[17-Oct-2024 01:39:53 UTC] PHP Warning:  preg_replace(): The /e modifier is no longer supported, use preg_replace_callback instead in /home/www/htdocs/squirrelmail/functions/decode/utf_8.php on line 78
[17-Oct-2024 01:39:53 UTC] PHP Warning:  preg_replace(): The /e modifier is no longer supported, use preg_replace_callback instead in /home/www/htdocs/squirrelmail/functions/decode/utf_8.php on line 83
[17-Oct-2024 01:39:53 UTC] PHP Warning:  preg_replace(): The /e modifier is no longer supported, use preg_replace_callback instead in /home/www/htdocs/squirrelmail/functions/decode/utf_8.php on line 88
[17-Oct-2024 01:39:53 UTC] PHP Warning:  preg_replace(): The /e modifier is no longer supported, use preg_replace_callback instead in /home/www/htdocs/squirrelmail/functions/mime.php on line 706
[17-Oct-2024 01:39:53 UTC] PHP Warning:  preg_replace(): The /e modifier is no longer supported, use preg_replace_callback instead in /home/www/htdocs/squirrelmail/functions/mime.php on line 706
[17-Oct-2024 01:39:53 UTC] PHP Warning:  preg_replace(): The /e modifier is no longer supported, use preg_replace_callback instead in /home/www/htdocs/squirrelmail/functions/mime.php on line 706
[17-Oct-2024 01:39:53 UTC] PHP Warning:  preg_replace(): The /e modifier is no longer supported, use preg_replace_callback instead in /home/www/htdocs/squirrelmail/functions/mime.php on line 706
[17-Oct-2024 01:39:53 UTC] PHP Warning:  session_set_cookie_params(): Cannot change session cookie parameters when session is active in /home/www/htdocs/squirrelmail/functions/global.php on line 472
[17-Oct-2024 01:39:53 UTC] PHP Warning:  session_set_cookie_params(): Cannot change session cookie parameters when session is active in /home/www/htdocs/squirrelmail/functions/global.php on line 472
[17-Oct-2024 01:39:53 UTC] PHP Warning:  session_set_cookie_params(): Cannot change session cookie parameters when session is active in /home/www/htdocs/squirrelmail/functions/global.php on line 472
[17-Oct-2024 01:39:53 UTC] PHP Warning:  preg_replace(): The /e modifier is no longer supported, use preg_replace_callback instead in /home/www/htdocs/squirrelmail/functions/mime.php on line 706
[17-Oct-2024 01:39:53 UTC] PHP Warning:  preg_replace(): The /e modifier is no longer supported, use preg_replace_callback instead in /home/www/htdocs/squirrelmail/functions/mime.php on line 706
[17-Oct-2024 01:39:53 UTC] PHP Warning:  preg_replace(): The /e modifier is no longer supported, use preg_replace_callback instead in /home/www/htdocs/squirrelmail/functions/mime.php on line 706
[17-Oct-2024 01:39:53 UTC] PHP Warning:  preg_replace(): The /e modifier is no longer supported, use preg_replace_callback instead in /home/www/htdocs/squirrelmail/functions/mime.php on line 706
[17-Oct-2024 01:39:53 UTC] PHP Warning:  preg_replace(): The /e modifier is no longer supported, use preg_replace_callback instead in /home/www/htdocs/squirrelmail/functions/decode/utf_8.php on line 78
[17-Oct-2024 01:39:53 UTC] PHP Warning:  preg_replace(): The /e modifier is no longer supported, use preg_replace_callback instead in /home/www/htdocs/squirrelmail/functions/decode/utf_8.php on line 83
[17-Oct-2024 01:39:53 UTC] PHP Warning:  preg_replace(): The /e modifier is no longer supported, use preg_replace_callback instead in /home/www/htdocs/squirrelmail/functions/decode/utf_8.php on line 88
[17-Oct-2024 01:39:53 UTC] PHP Warning:  session_set_cookie_params(): Cannot change session cookie parameters when session is active in /home/www/htdocs/squirrelmail/functions/global.php on line 472
[17-Oct-2024 01:39:53 UTC] PHP Warning:  session_set_cookie_params(): Cannot change session cookie parameters when session is active in /home/www/htdocs/squirrelmail/functions/global.php on line 472
[17-Oct-2024 01:39:53 UTC] PHP Warning:  session_set_cookie_params(): Cannot change session cookie parameters when session is active in /home/www/htdocs/squirrelmail/functions/global.php on line 472
[17-Oct-2024 01:39:54 UTC] PHP Warning:  session_set_cookie_params(): Cannot change session cookie parameters when session is active in /home/www/htdocs/squirrelmail/functions/global.php on line 472
[17-Oct-2024 01:39:54 UTC] PHP Warning:  session_set_cookie_params(): Cannot change session cookie parameters when session is active in /home/www/htdocs/squirrelmail/functions/global.php on line 472
[17-Oct-2024 01:39:54 UTC] PHP Warning:  session_set_cookie_params(): Cannot change session cookie parameters when session is active in /home/www/htdocs/squirrelmail/functions/global.php on line 472
[17-Oct-2024 01:39:54 UTC] PHP Warning:  session_set_cookie_params(): Cannot change session cookie parameters when session is active in /home/www/htdocs/squirrelmail/functions/global.php on line 472
[17-Oct-2024 01:39:54 UTC] PHP Warning:  session_set_cookie_params(): Cannot change session cookie parameters when session is active in /home/www/htdocs/squirrelmail/functions/global.php on line 472
[17-Oct-2024 01:39:54 UTC] PHP Warning:  session_set_cookie_params(): Cannot change session cookie parameters when session is active in /home/www/htdocs/squirrelmail/functions/global.php on line 472
[17-Oct-2024 01:39:54 UTC] PHP Warning:  session_set_cookie_params(): Cannot change session cookie parameters when session is active in /home/www/htdocs/squirrelmail/functions/global.php on line 472
[17-Oct-2024 01:39:54 UTC] PHP Warning:  session_set_cookie_params(): Cannot change session cookie parameters when session is active in /home/www/htdocs/squirrelmail/functions/global.php on line 472
[17-Oct-2024 01:39:54 UTC] PHP Warning:  session_set_cookie_params(): Cannot change session cookie parameters when session is active in /home/www/htdocs/squirrelmail/functions/global.php on line 472
[17-Oct-2024 01:39:54 UTC] PHP Warning:  session_set_cookie_params(): Cannot change session cookie parameters when session is active in /home/www/htdocs/squirrelmail/functions/global.php on line 472
[17-Oct-2024 01:39:54 UTC] PHP Warning:  session_set_cookie_params(): Cannot change session cookie parameters when session is active in /home/www/htdocs/squirrelmail/functions/global.php on line 472
[17-Oct-2024 01:39:54 UTC] PHP Warning:  session_set_cookie_params(): Cannot change session cookie parameters when session is active in /home/www/htdocs/squirrelmail/functions/global.php on line 472
[17-Oct-2024 01:39:54 UTC] PHP Warning:  session_set_cookie_params(): Cannot change session cookie parameters when session is active in /home/www/htdocs/squirrelmail/functions/global.php on line 472
[17-Oct-2024 01:39:54 UTC] PHP Warning:  session_set_cookie_params(): Cannot change session cookie parameters when session is active in /home/www/htdocs/squirrelmail/functions/global.php on line 472
[17-Oct-2024 01:39:54 UTC] PHP Warning:  session_set_cookie_params(): Cannot change session cookie parameters when session is active in /home/www/htdocs/squirrelmail/functions/global.php on line 472
[17-Oct-2024 01:39:54 UTC] PHP Warning:  session_set_cookie_params(): Cannot change session cookie parameters when session is active in /home/www/htdocs/squirrelmail/functions/global.php on line 472
[17-Oct-2024 01:39:54 UTC] PHP Warning:  session_set_cookie_params(): Cannot change session cookie parameters when session is active in /home/www/htdocs/squirrelmail/functions/global.php on line 472
[17-Oct-2024 01:39:54 UTC] PHP Warning:  session_set_cookie_params(): Cannot change session cookie parameters when session is active in /home/www/htdocs/squirrelmail/functions/global.php on line 472
[17-Oct-2024 01:39:55 UTC] PHP Warning:  session_set_cookie_params(): Cannot change session cookie parameters when session is active in /home/www/htdocs/squirrelmail/functions/global.php on line 472
[17-Oct-2024 01:39:55 UTC] PHP Warning:  session_set_cookie_params(): Cannot change session cookie parameters when session is active in /home/www/htdocs/squirrelmail/functions/global.php on line 472
[17-Oct-2024 01:39:55 UTC] PHP Warning:  session_set_cookie_params(): Cannot change session cookie parameters when session is active in /home/www/htdocs/squirrelmail/functions/global.php on line 472
[17-Oct-2024 01:39:55 UTC] PHP Warning:  session_set_cookie_params(): Cannot change session cookie parameters when session is active in /home/www/htdocs/squirrelmail/functions/global.php on line 472
[17-Oct-2024 01:39:55 UTC] PHP Warning:  session_set_cookie_params(): Cannot change session cookie parameters when session is active in /home/www/htdocs/squirrelmail/functions/global.php on line 472
[17-Oct-2024 01:39:55 UTC] PHP Warning:  session_set_cookie_params(): Cannot change session cookie parameters when session is active in /home/www/htdocs/squirrelmail/functions/global.php on line 472
[17-Oct-2024 01:39:55 UTC] PHP Warning:  session_set_cookie_params(): Cannot change session cookie parameters when session is active in /home/www/htdocs/squirrelmail/functions/global.php on line 472
[17-Oct-2024 01:39:55 UTC] PHP Warning:  session_set_cookie_params(): Cannot change session cookie parameters when session is active in /home/www/htdocs/squirrelmail/functions/global.php on line 472
[17-Oct-2024 01:39:55 UTC] PHP Warning:  session_set_cookie_params(): Cannot change session cookie parameters when session is active in /home/www/htdocs/squirrelmail/functions/global.php on line 472
[17-Oct-2024 01:39:55 UTC] PHP Warning:  session_set_cookie_params(): Cannot change session cookie parameters when session is active in /home/www/htdocs/squirrelmail/functions/global.php on line 472
[17-Oct-2024 01:39:55 UTC] PHP Warning:  session_set_cookie_params(): Cannot change session cookie parameters when session is active in /home/www/htdocs/squirrelmail/functions/global.php on line 472
[17-Oct-2024 01:39:55 UTC] PHP Warning:  session_set_cookie_params(): Cannot change session cookie parameters when session is active in /home/www/htdocs/squirrelmail/functions/global.php on line 472
[17-Oct-2024 01:39:55 UTC] PHP Warning:  preg_replace(): The /e modifier is no longer supported, use preg_replace_callback instead in /home/www/htdocs/squirrelmail/functions/decode/utf_8.php on line 78
[17-Oct-2024 01:39:55 UTC] PHP Warning:  preg_replace(): The /e modifier is no longer supported, use preg_replace_callback instead in /home/www/htdocs/squirrelmail/functions/decode/utf_8.php on line 83
[17-Oct-2024 01:39:55 UTC] PHP Warning:  preg_replace(): The /e modifier is no longer supported, use preg_replace_callback instead in /home/www/htdocs/squirrelmail/functions/decode/utf_8.php on line 88
[17-Oct-2024 01:39:55 UTC] PHP Warning:  preg_replace(): The /e modifier is no longer supported, use preg_replace_callback instead in /home/www/htdocs/squirrelmail/functions/mime.php on line 706
[17-Oct-2024 01:39:55 UTC] PHP Warning:  preg_replace(): The /e modifier is no longer supported, use preg_replace_callback instead in /home/www/htdocs/squirrelmail/functions/mime.php on line 706
[17-Oct-2024 01:39:55 UTC] PHP Warning:  preg_replace(): The /e modifier is no longer supported, use preg_replace_callback instead in /home/www/htdocs/squirrelmail/functions/mime.php on line 706
[17-Oct-2024 01:39:55 UTC] PHP Warning:  preg_replace(): The /e modifier is no longer supported, use preg_replace_callback instead in /home/www/htdocs/squirrelmail/functions/mime.php on line 706
[17-Oct-2024 01:39:55 UTC] PHP Warning:  session_set_cookie_params(): Cannot change session cookie parameters when session is active in /home/www/htdocs/squirrelmail/functions/global.php on line 472
[17-Oct-2024 01:39:55 UTC] PHP Warning:  session_set_cookie_params(): Cannot change session cookie parameters when session is active in /home/www/htdocs/squirrelmail/functions/global.php on line 472
[17-Oct-2024 01:39:55 UTC] PHP Warning:  session_set_cookie_params(): Cannot change session cookie parameters when session is active in /home/www/htdocs/squirrelmail/functions/global.php on line 472
[17-Oct-2024 01:39:55 UTC] PHP Warning:  preg_replace(): The /e modifier is no longer supported, use preg_replace_callback instead in /home/www/htdocs/squirrelmail/functions/mime.php on line 706
[17-Oct-2024 01:39:55 UTC] PHP Warning:  preg_replace(): The /e modifier is no longer supported, use preg_replace_callback instead in /home/www/htdocs/squirrelmail/functions/mime.php on line 706
[17-Oct-2024 01:39:55 UTC] PHP Warning:  preg_replace(): The /e modifier is no longer supported, use preg_replace_callback instead in /home/www/htdocs/squirrelmail/functions/mime.php on line 706
[17-Oct-2024 01:39:55 UTC] PHP Warning:  preg_replace(): The /e modifier is no longer supported, use preg_replace_callback instead in /home/www/htdocs/squirrelmail/functions/mime.php on line 706
[17-Oct-2024 01:39:55 UTC] PHP Warning:  preg_replace(): The /e modifier is no longer supported, use preg_replace_callback instead in /home/www/htdocs/squirrelmail/functions/decode/utf_8.php on line 78
[17-Oct-2024 01:39:55 UTC] PHP Warning:  preg_replace(): The /e modifier is no longer supported, use preg_replace_callback instead in /home/www/htdocs/squirrelmail/functions/decode/utf_8.php on line 83
[17-Oct-2024 01:39:55 UTC] PHP Warning:  preg_replace(): The /e modifier is no longer supported, use preg_replace_callback instead in /home/www/htdocs/squirrelmail/functions/decode/utf_8.php on line 88
[17-Oct-2024 01:39:55 UTC] PHP Warning:  session_set_cookie_params(): Cannot change session cookie parameters when session is active in /home/www/htdocs/squirrelmail/functions/global.php on line 472
[17-Oct-2024 01:39:55 UTC] PHP Warning:  session_set_cookie_params(): Cannot change session cookie parameters when session is active in /home/www/htdocs/squirrelmail/functions/global.php on line 472
[17-Oct-2024 01:39:55 UTC] PHP Warning:  session_set_cookie_params(): Cannot change session cookie parameters when session is active in /home/www/htdocs/squirrelmail/functions/global.php on line 472
[17-Oct-2024 01:39:58 UTC] PHP Warning:  session_set_cookie_params(): Cannot change session cookie parameters when session is active in /home/www/htdocs/squirrelmail/functions/global.php on line 472
[17-Oct-2024 01:39:58 UTC] PHP Warning:  session_set_cookie_params(): Cannot change session cookie parameters when session is active in /home/www/htdocs/squirrelmail/functions/global.php on line 472
[17-Oct-2024 01:39:58 UTC] PHP Warning:  session_set_cookie_params(): Cannot change session cookie parameters when session is active in /home/www/htdocs/squirrelmail/functions/global.php on line 472
[17-Oct-2024 01:39:58 UTC] PHP Warning:  session_set_cookie_params(): Cannot change session cookie parameters when session is active in /home/www/htdocs/squirrelmail/functions/global.php on line 472
[17-Oct-2024 01:39:58 UTC] PHP Warning:  session_set_cookie_params(): Cannot change session cookie parameters when session is active in /home/www/htdocs/squirrelmail/functions/global.php on line 472
[17-Oct-2024 01:39:58 UTC] PHP Warning:  session_set_cookie_params(): Cannot change session cookie parameters when session is active in /home/www/htdocs/squirrelmail/functions/global.php on line 472
[17-Oct-2024 01:39:58 UTC] PHP Warning:  session_set_cookie_params(): Cannot change session cookie parameters when session is active in /home/www/htdocs/squirrelmail/functions/global.php on line 472
[17-Oct-2024 01:39:58 UTC] PHP Warning:  session_set_cookie_params(): Cannot change session cookie parameters when session is active in /home/www/htdocs/squirrelmail/functions/global.php on line 472
[17-Oct-2024 01:39:58 UTC] PHP Warning:  session_set_cookie_params(): Cannot change session cookie parameters when session is active in /home/www/htdocs/squirrelmail/functions/global.php on line 472
[17-Oct-2024 01:39:58 UTC] PHP Warning:  session_set_cookie_params(): Cannot change session cookie parameters when session is active in /home/www/htdocs/squirrelmail/functions/global.php on line 472
[17-Oct-2024 01:39:58 UTC] PHP Warning:  session_set_cookie_params(): Cannot change session cookie parameters when session is active in /home/www/htdocs/squirrelmail/functions/global.php on line 472
[17-Oct-2024 01:39:58 UTC] PHP Warning:  session_set_cookie_params(): Cannot change session cookie parameters when session is active in /home/www/htdocs/squirrelmail/functions/global.php on line 472
[17-Oct-2024 01:39:58 UTC] PHP Warning:  session_set_cookie_params(): Cannot change session cookie parameters when session is active in /home/www/htdocs/squirrelmail/functions/global.php on line 472
[17-Oct-2024 01:39:58 UTC] PHP Warning:  session_set_cookie_params(): Cannot change session cookie parameters when session is active in /home/www/htdocs/squirrelmail/functions/global.php on line 472
[17-Oct-2024 01:39:58 UTC] PHP Warning:  session_set_cookie_params(): Cannot change session cookie parameters when session is active in /home/www/htdocs/squirrelmail/functions/global.php on line 472
[17-Oct-2024 01:39:58 UTC] PHP Warning:  session_set_cookie_params(): Cannot change session cookie parameters when session is active in /home/www/htdocs/squirrelmail/functions/global.php on line 472
[17-Oct-2024 01:39:58 UTC] PHP Warning:  session_set_cookie_params(): Cannot change session cookie parameters when session is active in /home/www/htdocs/squirrelmail/functions/global.php on line 472
[17-Oct-2024 01:39:58 UTC] PHP Warning:  session_set_cookie_params(): Cannot change session cookie parameters when session is active in /home/www/htdocs/squirrelmail/functions/global.php on line 472
[17-Oct-2024 01:40:01 UTC] PHP Warning:  session_set_cookie_params(): Cannot change session cookie parameters when session is active in /home/www/htdocs/squirrelmail/functions/global.php on line 472
[17-Oct-2024 01:40:01 UTC] PHP Warning:  session_set_cookie_params(): Cannot change session cookie parameters when session is active in /home/www/htdocs/squirrelmail/functions/global.php on line 472
[17-Oct-2024 01:40:01 UTC] PHP Warning:  session_set_cookie_params(): Cannot change session cookie parameters when session is active in /home/www/htdocs/squirrelmail/functions/global.php on line 472
[17-Oct-2024 01:40:01 UTC] PHP Warning:  session_set_cookie_params(): Cannot change session cookie parameters when session is active in /home/www/htdocs/squirrelmail/functions/global.php on line 472
[17-Oct-2024 01:40:01 UTC] PHP Warning:  session_set_cookie_params(): Cannot change session cookie parameters when session is active in /home/www/htdocs/squirrelmail/functions/global.php on line 472
[17-Oct-2024 01:40:01 UTC] PHP Warning:  session_set_cookie_params(): Cannot change session cookie parameters when session is active in /home/www/htdocs/squirrelmail/functions/global.php on line 472
[17-Oct-2024 01:40:01 UTC] PHP Warning:  session_set_cookie_params(): Cannot change session cookie parameters when session is active in /home/www/htdocs/squirrelmail/functions/global.php on line 472
[17-Oct-2024 01:40:01 UTC] PHP Warning:  session_set_cookie_params(): Cannot change session cookie parameters when session is active in /home/www/htdocs/squirrelmail/functions/global.php on line 472
[17-Oct-2024 01:40:01 UTC] PHP Warning:  session_set_cookie_params(): Cannot change session cookie parameters when session is active in /home/www/htdocs/squirrelmail/functions/global.php on line 472
[17-Oct-2024 01:40:04 UTC] PHP Warning:  session_set_cookie_params(): Cannot change session cookie parameters when session is active in /home/www/htdocs/squirrelmail/functions/global.php on line 472
[17-Oct-2024 01:40:04 UTC] PHP Warning:  session_set_cookie_params(): Cannot change session cookie parameters when session is active in /home/www/htdocs/squirrelmail/functions/global.php on line 472
[17-Oct-2024 01:40:04 UTC] PHP Warning:  session_set_cookie_params(): Cannot change session cookie parameters when session is active in /home/www/htdocs/squirrelmail/functions/global.php on line 472
[17-Oct-2024 01:40:04 UTC] PHP Warning:  session_set_cookie_params(): Cannot change session cookie parameters when session is active in /home/www/htdocs/squirrelmail/functions/global.php on line 472
[17-Oct-2024 01:40:04 UTC] PHP Warning:  session_set_cookie_params(): Cannot change session cookie parameters when session is active in /home/www/htdocs/squirrelmail/functions/global.php on line 472
[17-Oct-2024 01:40:04 UTC] PHP Warning:  session_set_cookie_params(): Cannot change session cookie parameters when session is active in /home/www/htdocs/squirrelmail/functions/global.php on line 472
[17-Oct-2024 01:40:04 UTC] PHP Warning:  session_set_cookie_params(): Cannot change session cookie parameters when session is active in /home/www/htdocs/squirrelmail/functions/global.php on line 472
[17-Oct-2024 01:40:04 UTC] PHP Warning:  session_set_cookie_params(): Cannot change session cookie parameters when session is active in /home/www/htdocs/squirrelmail/functions/global.php on line 472
[17-Oct-2024 01:40:04 UTC] PHP Warning:  session_set_cookie_params(): Cannot change session cookie parameters when session is active in /home/www/htdocs/squirrelmail/functions/global.php on line 472
[17-Oct-2024 01:40:04 UTC] PHP Warning:  session_set_cookie_params(): Cannot change session cookie parameters when session is active in /home/www/htdocs/squirrelmail/functions/global.php on line 472
[17-Oct-2024 01:40:04 UTC] PHP Warning:  session_set_cookie_params(): Cannot change session cookie parameters when session is active in /home/www/htdocs/squirrelmail/functions/global.php on line 472
[17-Oct-2024 01:40:04 UTC] PHP Warning:  session_set_cookie_params(): Cannot change session cookie parameters when session is active in /home/www/htdocs/squirrelmail/functions/global.php on line 472
[17-Oct-2024 01:40:04 UTC] PHP Warning:  session_set_cookie_params(): Cannot change session cookie parameters when session is active in /home/www/htdocs/squirrelmail/functions/global.php on line 472
[17-Oct-2024 01:40:04 UTC] PHP Warning:  session_set_cookie_params(): Cannot change session cookie parameters when session is active in /home/www/htdocs/squirrelmail/functions/global.php on line 472
[17-Oct-2024 01:40:04 UTC] PHP Warning:  session_set_cookie_params(): Cannot change session cookie parameters when session is active in /home/www/htdocs/squirrelmail/functions/global.php on line 472
[17-Oct-2024 01:40:04 UTC] PHP Warning:  session_set_cookie_params(): Cannot change session cookie parameters when session is active in /home/www/htdocs/squirrelmail/functions/global.php on line 472
[17-Oct-2024 01:40:04 UTC] PHP Warning:  session_set_cookie_params(): Cannot change session cookie parameters when session is active in /home/www/htdocs/squirrelmail/functions/global.php on line 472
[17-Oct-2024 01:40:07 UTC] PHP Warning:  session_set_cookie_params(): Cannot change session cookie parameters when session is active in /home/www/htdocs/squirrelmail/functions/global.php on line 472
[17-Oct-2024 01:40:07 UTC] PHP Warning:  session_set_cookie_params(): Cannot change session cookie parameters when session is active in /home/www/htdocs/squirrelmail/functions/global.php on line 472
[17-Oct-2024 01:40:07 UTC] PHP Warning:  session_set_cookie_params(): Cannot change session cookie parameters when session is active in /home/www/htdocs/squirrelmail/functions/global.php on line 472
[17-Oct-2024 01:40:07 UTC] PHP Warning:  session_set_cookie_params(): Cannot change session cookie parameters when session is active in /home/www/htdocs/squirrelmail/functions/global.php on line 472
[17-Oct-2024 01:40:07 UTC] PHP Warning:  session_set_cookie_params(): Cannot change session cookie parameters when session is active in /home/www/htdocs/squirrelmail/functions/global.php on line 472
[17-Oct-2024 01:40:07 UTC] PHP Warning:  session_set_cookie_params(): Cannot change session cookie parameters when session is active in /home/www/htdocs/squirrelmail/functions/global.php on line 472
[17-Oct-2024 01:40:07 UTC] PHP Warning:  session_set_cookie_params(): Cannot change session cookie parameters when session is active in /home/www/htdocs/squirrelmail/functions/global.php on line 472
[17-Oct-2024 01:40:07 UTC] PHP Warning:  session_set_cookie_params(): Cannot change session cookie parameters when session is active in /home/www/htdocs/squirrelmail/functions/global.php on line 472
[17-Oct-2024 01:40:07 UTC] PHP Warning:  session_set_cookie_params(): Cannot change session cookie parameters when session is active in /home/www/htdocs/squirrelmail/functions/global.php on line 472
[17-Oct-2024 01:40:07 UTC] PHP Warning:  session_set_cookie_params(): Cannot change session cookie parameters when session is active in /home/www/htdocs/squirrelmail/functions/global.php on line 472
[17-Oct-2024 01:40:07 UTC] PHP Warning:  session_set_cookie_params(): Cannot change session cookie parameters when session is active in /home/www/htdocs/squirrelmail/functions/global.php on line 472
[17-Oct-2024 01:40:07 UTC] PHP Warning:  session_set_cookie_params(): Cannot change session cookie parameters when session is active in /home/www/htdocs/squirrelmail/functions/global.php on line 472
[17-Oct-2024 01:40:09 UTC] PHP Warning:  session_set_cookie_params(): Cannot change session cookie parameters when session is active in /home/www/htdocs/squirrelmail/functions/global.php on line 472
[17-Oct-2024 01:40:09 UTC] PHP Warning:  session_set_cookie_params(): Cannot change session cookie parameters when session is active in /home/www/htdocs/squirrelmail/functions/global.php on line 472
[17-Oct-2024 01:40:09 UTC] PHP Warning:  session_set_cookie_params(): Cannot change session cookie parameters when session is active in /home/www/htdocs/squirrelmail/functions/global.php on line 472
[17-Oct-2024 01:40:09 UTC] PHP Warning:  session_set_cookie_params(): Cannot change session cookie parameters when session is active in /home/www/htdocs/squirrelmail/functions/global.php on line 472
[17-Oct-2024 01:40:09 UTC] PHP Warning:  session_set_cookie_params(): Cannot change session cookie parameters when session is active in /home/www/htdocs/squirrelmail/functions/global.php on line 472
[17-Oct-2024 01:40:09 UTC] PHP Warning:  session_set_cookie_params(): Cannot change session cookie parameters when session is active in /home/www/htdocs/squirrelmail/functions/global.php on line 472
[17-Oct-2024 01:40:09 UTC] PHP Warning:  session_set_cookie_params(): Cannot change session cookie parameters when session is active in /home/www/htdocs/squirrelmail/functions/global.php on line 472
[17-Oct-2024 01:40:09 UTC] PHP Warning:  session_set_cookie_params(): Cannot change session cookie parameters when session is active in /home/www/htdocs/squirrelmail/functions/global.php on line 472
[17-Oct-2024 01:40:09 UTC] PHP Warning:  session_set_cookie_params(): Cannot change session cookie parameters when session is active in /home/www/htdocs/squirrelmail/functions/global.php on line 472
[17-Oct-2024 01:40:09 UTC] PHP Warning:  session_set_cookie_params(): Cannot change session cookie parameters when session is active in /home/www/htdocs/squirrelmail/functions/global.php on line 472
[17-Oct-2024 01:40:09 UTC] PHP Warning:  session_set_cookie_params(): Cannot change session cookie parameters when session is active in /home/www/htdocs/squirrelmail/functions/global.php on line 472
[17-Oct-2024 01:40:09 UTC] PHP Warning:  session_set_cookie_params(): Cannot change session cookie parameters when session is active in /home/www/htdocs/squirrelmail/functions/global.php on line 472
[17-Oct-2024 01:40:09 UTC] PHP Warning:  preg_replace(): The /e modifier is no longer supported, use preg_replace_callback instead in /home/www/htdocs/squirrelmail/functions/decode/utf_8.php on line 78
[17-Oct-2024 01:40:09 UTC] PHP Warning:  preg_replace(): The /e modifier is no longer supported, use preg_replace_callback instead in /home/www/htdocs/squirrelmail/functions/decode/utf_8.php on line 83
[17-Oct-2024 01:40:09 UTC] PHP Warning:  preg_replace(): The /e modifier is no longer supported, use preg_replace_callback instead in /home/www/htdocs/squirrelmail/functions/decode/utf_8.php on line 88
[17-Oct-2024 01:40:09 UTC] PHP Warning:  session_set_cookie_params(): Cannot change session cookie parameters when session is active in /home/www/htdocs/squirrelmail/functions/global.php on line 472
[17-Oct-2024 01:40:09 UTC] PHP Warning:  session_set_cookie_params(): Cannot change session cookie parameters when session is active in /home/www/htdocs/squirrelmail/functions/global.php on line 472
[17-Oct-2024 01:40:09 UTC] PHP Warning:  session_set_cookie_params(): Cannot change session cookie parameters when session is active in /home/www/htdocs/squirrelmail/functions/global.php on line 472
[17-Oct-2024 01:40:09 UTC] PHP Warning:  preg_replace(): The /e modifier is no longer supported, use preg_replace_callback instead in /home/www/htdocs/squirrelmail/functions/decode/utf_8.php on line 78
[17-Oct-2024 01:40:09 UTC] PHP Warning:  preg_replace(): The /e modifier is no longer supported, use preg_replace_callback instead in /home/www/htdocs/squirrelmail/functions/decode/utf_8.php on line 83
[17-Oct-2024 01:40:09 UTC] PHP Warning:  preg_replace(): The /e modifier is no longer supported, use preg_replace_callback instead in /home/www/htdocs/squirrelmail/functions/decode/utf_8.php on line 88
[17-Oct-2024 01:40:09 UTC] PHP Warning:  session_set_cookie_params(): Cannot change session cookie parameters when session is active in /home/www/htdocs/squirrelmail/functions/global.php on line 472
[17-Oct-2024 01:40:09 UTC] PHP Warning:  session_set_cookie_params(): Cannot change session cookie parameters when session is active in /home/www/htdocs/squirrelmail/functions/global.php on line 472
[17-Oct-2024 01:40:09 UTC] PHP Warning:  session_set_cookie_params(): Cannot change session cookie parameters when session is active in /home/www/htdocs/squirrelmail/functions/global.php on line 472
[17-Oct-2024 01:40:10 UTC] PHP Warning:  session_set_cookie_params(): Cannot change session cookie parameters when session is active in /home/www/htdocs/squirrelmail/functions/global.php on line 472
[17-Oct-2024 01:40:10 UTC] PHP Warning:  session_set_cookie_params(): Cannot change session cookie parameters when session is active in /home/www/htdocs/squirrelmail/functions/global.php on line 472
[17-Oct-2024 01:40:10 UTC] PHP Warning:  session_set_cookie_params(): Cannot change session cookie parameters when session is active in /home/www/htdocs/squirrelmail/functions/global.php on line 472
[17-Oct-2024 01:40:10 UTC] PHP Warning:  session_set_cookie_params(): Cannot change session cookie parameters when session is active in /home/www/htdocs/squirrelmail/functions/global.php on line 472
[17-Oct-2024 01:40:10 UTC] PHP Warning:  session_set_cookie_params(): Cannot change session cookie parameters when session is active in /home/www/htdocs/squirrelmail/functions/global.php on line 472
[17-Oct-2024 01:40:10 UTC] PHP Warning:  session_set_cookie_params(): Cannot change session cookie parameters when session is active in /home/www/htdocs/squirrelmail/functions/global.php on line 472
[17-Oct-2024 01:40:10 UTC] PHP Warning:  session_set_cookie_params(): Cannot change session cookie parameters when session is active in /home/www/htdocs/squirrelmail/functions/global.php on line 472
[17-Oct-2024 01:40:10 UTC] PHP Warning:  Creating default object from empty value in /home/www/htdocs/squirrelmail/class/mime/Message.class.php on line 367
[17-Oct-2024 01:40:10 UTC] PHP Warning:  session_set_cookie_params(): Cannot change session cookie parameters when session is active in /home/www/htdocs/squirrelmail/functions/global.php on line 472
[17-Oct-2024 01:40:10 UTC] PHP Warning:  preg_replace(): The /e modifier is no longer supported, use preg_replace_callback instead in /home/www/htdocs/squirrelmail/functions/decode/utf_8.php on line 78
[17-Oct-2024 01:40:10 UTC] PHP Warning:  preg_replace(): The /e modifier is no longer supported, use preg_replace_callback instead in /home/www/htdocs/squirrelmail/functions/decode/utf_8.php on line 83
[17-Oct-2024 01:40:10 UTC] PHP Warning:  preg_replace(): The /e modifier is no longer supported, use preg_replace_callback instead in /home/www/htdocs/squirrelmail/functions/decode/utf_8.php on line 88
[17-Oct-2024 01:40:10 UTC] PHP Warning:  session_set_cookie_params(): Cannot change session cookie parameters when session is active in /home/www/htdocs/squirrelmail/functions/global.php on line 472
[17-Oct-2024 01:40:13 UTC] PHP Warning:  session_set_cookie_params(): Cannot change session cookie parameters when session is active in /home/www/htdocs/squirrelmail/functions/global.php on line 472
[17-Oct-2024 01:40:13 UTC] PHP Warning:  session_set_cookie_params(): Cannot change session cookie parameters when session is active in /home/www/htdocs/squirrelmail/functions/global.php on line 472
[17-Oct-2024 01:40:13 UTC] PHP Warning:  session_set_cookie_params(): Cannot change session cookie parameters when session is active in /home/www/htdocs/squirrelmail/functions/global.php on line 472
[17-Oct-2024 01:40:13 UTC] PHP Warning:  session_set_cookie_params(): Cannot change session cookie parameters when session is active in /home/www/htdocs/squirrelmail/functions/global.php on line 472
[17-Oct-2024 01:40:13 UTC] PHP Warning:  session_set_cookie_params(): Cannot change session cookie parameters when session is active in /home/www/htdocs/squirrelmail/functions/global.php on line 472
[17-Oct-2024 01:40:13 UTC] PHP Warning:  session_set_cookie_params(): Cannot change session cookie parameters when session is active in /home/www/htdocs/squirrelmail/functions/global.php on line 472
[17-Oct-2024 01:40:13 UTC] PHP Warning:  session_set_cookie_params(): Cannot change session cookie parameters when session is active in /home/www/htdocs/squirrelmail/functions/global.php on line 472
[17-Oct-2024 01:40:13 UTC] PHP Warning:  sizeof(): Parameter must be an array or an object that implements Countable in /home/www/htdocs/squirrelmail/functions/mime.php on line 1197
[17-Oct-2024 01:40:13 UTC] PHP Warning:  sizeof(): Parameter must be an array or an object that implements Countable in /home/www/htdocs/squirrelmail/functions/mime.php on line 1197
[17-Oct-2024 01:40:13 UTC] PHP Warning:  sizeof(): Parameter must be an array or an object that implements Countable in /home/www/htdocs/squirrelmail/functions/mime.php on line 1197
[17-Oct-2024 01:40:13 UTC] PHP Warning:  sizeof(): Parameter must be an array or an object that implements Countable in /home/www/htdocs/squirrelmail/functions/mime.php on line 1197
[17-Oct-2024 01:40:13 UTC] PHP Warning:  sizeof(): Parameter must be an array or an object that implements Countable in /home/www/htdocs/squirrelmail/functions/mime.php on line 1197
[17-Oct-2024 01:40:15 UTC] PHP Warning:  session_set_cookie_params(): Cannot change session cookie parameters when session is active in /home/www/htdocs/squirrelmail/functions/global.php on line 472
[17-Oct-2024 01:40:15 UTC] PHP Warning:  session_set_cookie_params(): Cannot change session cookie parameters when session is active in /home/www/htdocs/squirrelmail/functions/global.php on line 472
[17-Oct-2024 01:40:15 UTC] PHP Warning:  session_set_cookie_params(): Cannot change session cookie parameters when session is active in /home/www/htdocs/squirrelmail/functions/global.php on line 472
[17-Oct-2024 01:40:15 UTC] PHP Warning:  session_set_cookie_params(): Cannot change session cookie parameters when session is active in /home/www/htdocs/squirrelmail/functions/global.php on line 472
[17-Oct-2024 01:40:15 UTC] PHP Warning:  session_set_cookie_params(): Cannot change session cookie parameters when session is active in /home/www/htdocs/squirrelmail/functions/global.php on line 472
[17-Oct-2024 01:40:15 UTC] PHP Warning:  session_set_cookie_params(): Cannot change session cookie parameters when session is active in /home/www/htdocs/squirrelmail/functions/global.php on line 472
[17-Oct-2024 01:40:15 UTC] PHP Warning:  session_set_cookie_params(): Cannot change session cookie parameters when session is active in /home/www/htdocs/squirrelmail/functions/global.php on line 472
[17-Oct-2024 01:40:15 UTC] PHP Warning:  session_set_cookie_params(): Cannot change session cookie parameters when session is active in /home/www/htdocs/squirrelmail/functions/global.php on line 472
[17-Oct-2024 01:40:15 UTC] PHP Warning:  session_set_cookie_params(): Cannot change session cookie parameters when session is active in /home/www/htdocs/squirrelmail/functions/global.php on line 472
[17-Oct-2024 01:40:15 UTC] PHP Warning:  session_set_cookie_params(): Cannot change session cookie parameters when session is active in /home/www/htdocs/squirrelmail/functions/global.php on line 472
[17-Oct-2024 01:40:15 UTC] PHP Warning:  session_set_cookie_params(): Cannot change session cookie parameters when session is active in /home/www/htdocs/squirrelmail/functions/global.php on line 472
[17-Oct-2024 01:40:15 UTC] PHP Warning:  session_set_cookie_params(): Cannot change session cookie parameters when session is active in /home/www/htdocs/squirrelmail/functions/global.php on line 472
[17-Oct-2024 01:40:21 UTC] PHP Warning:  session_set_cookie_params(): Cannot change session cookie parameters when session is active in /home/www/htdocs/squirrelmail/functions/global.php on line 472
[17-Oct-2024 01:40:21 UTC] PHP Warning:  session_set_cookie_params(): Cannot change session cookie parameters when session is active in /home/www/htdocs/squirrelmail/functions/global.php on line 472
[17-Oct-2024 01:40:21 UTC] PHP Warning:  session_set_cookie_params(): Cannot change session cookie parameters when session is active in /home/www/htdocs/squirrelmail/functions/global.php on line 472
[17-Oct-2024 01:40:21 UTC] PHP Warning:  session_set_cookie_params(): Cannot change session cookie parameters when session is active in /home/www/htdocs/squirrelmail/functions/global.php on line 472
[17-Oct-2024 01:40:21 UTC] PHP Warning:  session_set_cookie_params(): Cannot change session cookie parameters when session is active in /home/www/htdocs/squirrelmail/functions/global.php on line 472
[17-Oct-2024 01:40:21 UTC] PHP Warning:  session_set_cookie_params(): Cannot change session cookie parameters when session is active in /home/www/htdocs/squirrelmail/functions/global.php on line 472
[17-Oct-2024 01:40:21 UTC] PHP Warning:  session_set_cookie_params(): Cannot change session cookie parameters when session is active in /home/www/htdocs/squirrelmail/functions/global.php on line 472
[17-Oct-2024 01:42:17 UTC] PHP Warning:  session_set_cookie_params(): Cannot change session cookie parameters when session is active in /home/www/htdocs/squirrelmail/functions/global.php on line 472
[17-Oct-2024 01:42:17 UTC] PHP Warning:  session_set_cookie_params(): Cannot change session cookie parameters when session is active in /home/www/htdocs/squirrelmail/functions/global.php on line 472
[17-Oct-2024 01:42:17 UTC] PHP Warning:  session_set_cookie_params(): Cannot change session cookie parameters when session is active in /home/www/htdocs/squirrelmail/functions/global.php on line 472
[17-Oct-2024 01:42:17 UTC] PHP Warning:  session_set_cookie_params(): Cannot change session cookie parameters when session is active in /home/www/htdocs/squirrelmail/functions/global.php on line 472
[17-Oct-2024 01:42:17 UTC] PHP Warning:  session_set_cookie_params(): Cannot change session cookie parameters when session is active in /home/www/htdocs/squirrelmail/functions/global.php on line 472
[17-Oct-2024 01:42:17 UTC] PHP Warning:  session_set_cookie_params(): Cannot change session cookie parameters when session is active in /home/www/htdocs/squirrelmail/functions/global.php on line 472
[17-Oct-2024 01:43:32 UTC] PHP Warning:  session_set_cookie_params(): Cannot change session cookie parameters when session is active in /home/www/htdocs/squirrelmail/functions/global.php on line 472
[17-Oct-2024 01:43:32 UTC] PHP Warning:  session_set_cookie_params(): Cannot change session cookie parameters when session is active in /home/www/htdocs/squirrelmail/functions/global.php on line 472
[17-Oct-2024 01:43:32 UTC] PHP Warning:  session_set_cookie_params(): Cannot change session cookie parameters when session is active in /home/www/htdocs/squirrelmail/functions/global.php on line 472
[17-Oct-2024 01:43:32 UTC] PHP Warning:  session_set_cookie_params(): Cannot change session cookie parameters when session is active in /home/www/htdocs/squirrelmail/functions/global.php on line 472
[17-Oct-2024 01:43:32 UTC] PHP Warning:  session_set_cookie_params(): Cannot change session cookie parameters when session is active in /home/www/htdocs/squirrelmail/functions/global.php on line 472
[17-Oct-2024 01:43:32 UTC] PHP Warning:  session_set_cookie_params(): Cannot change session cookie parameters when session is active in /home/www/htdocs/squirrelmail/functions/global.php on line 472
[17-Oct-2024 01:43:32 UTC] PHP Warning:  session_set_cookie_params(): Cannot change session cookie parameters when session is active in /home/www/htdocs/squirrelmail/functions/global.php on line 472
[17-Oct-2024 01:43:32 UTC] PHP Warning:  session_set_cookie_params(): Cannot change session cookie parameters when session is active in /home/www/htdocs/squirrelmail/functions/global.php on line 472
[17-Oct-2024 01:44:10 UTC] PHP Warning:  session_set_cookie_params(): Cannot change session cookie parameters when session is active in /home/www/htdocs/squirrelmail/functions/global.php on line 472
[17-Oct-2024 01:44:10 UTC] PHP Warning:  session_set_cookie_params(): Cannot change session cookie parameters when session is active in /home/www/htdocs/squirrelmail/functions/global.php on line 472
[17-Oct-2024 01:44:10 UTC] PHP Warning:  session_set_cookie_params(): Cannot change session cookie parameters when session is active in /home/www/htdocs/squirrelmail/functions/global.php on line 472
[17-Oct-2024 01:44:10 UTC] PHP Warning:  session_set_cookie_params(): Cannot change session cookie parameters when session is active in /home/www/htdocs/squirrelmail/functions/global.php on line 472
[17-Oct-2024 01:44:10 UTC] PHP Warning:  session_set_cookie_params(): Cannot change session cookie parameters when session is active in /home/www/htdocs/squirrelmail/functions/global.php on line 472
[17-Oct-2024 01:44:10 UTC] PHP Warning:  session_set_cookie_params(): Cannot change session cookie parameters when session is active in /home/www/htdocs/squirrelmail/functions/global.php on line 472
[17-Oct-2024 01:44:10 UTC] PHP Warning:  session_set_cookie_params(): Cannot change session cookie parameters when session is active in /home/www/htdocs/squirrelmail/functions/global.php on line 472
[17-Oct-2024 01:44:10 UTC] PHP Warning:  session_set_cookie_params(): Cannot change session cookie parameters when session is active in /home/www/htdocs/squirrelmail/functions/global.php on line 472
[17-Oct-2024 01:47:55 UTC] PHP Warning:  session_set_cookie_params(): Cannot change session cookie parameters when session is active in /home/www/htdocs/squirrelmail/functions/global.php on line 472
[17-Oct-2024 01:47:55 UTC] PHP Warning:  session_set_cookie_params(): Cannot change session cookie parameters when session is active in /home/www/htdocs/squirrelmail/functions/global.php on line 472
[17-Oct-2024 01:47:55 UTC] PHP Warning:  session_set_cookie_params(): Cannot change session cookie parameters when session is active in /home/www/htdocs/squirrelmail/functions/global.php on line 472
[17-Oct-2024 01:47:55 UTC] PHP Warning:  session_set_cookie_params(): Cannot change session cookie parameters when session is active in /home/www/htdocs/squirrelmail/functions/global.php on line 472
[17-Oct-2024 01:47:55 UTC] PHP Warning:  session_set_cookie_params(): Cannot change session cookie parameters when session is active in /home/www/htdocs/squirrelmail/functions/global.php on line 472
[17-Oct-2024 01:47:55 UTC] PHP Warning:  session_set_cookie_params(): Cannot change session cookie parameters when session is active in /home/www/htdocs/squirrelmail/functions/global.php on line 472
[17-Oct-2024 01:47:55 UTC] PHP Warning:  session_set_cookie_params(): Cannot change session cookie parameters when session is active in /home/www/htdocs/squirrelmail/functions/global.php on line 472
[17-Oct-2024 01:47:55 UTC] PHP Warning:  session_set_cookie_params(): Cannot change session cookie parameters when session is active in /home/www/htdocs/squirrelmail/functions/global.php on line 472
[17-Oct-2024 01:47:55 UTC] PHP Warning:  session_set_cookie_params(): Cannot change session cookie parameters when session is active in /home/www/htdocs/squirrelmail/functions/global.php on line 472
[17-Oct-2024 01:47:55 UTC] PHP Warning:  session_set_cookie_params(): Cannot change session cookie parameters when session is active in /home/www/htdocs/squirrelmail/functions/global.php on line 472
[17-Oct-2024 01:47:55 UTC] PHP Warning:  session_set_cookie_params(): Cannot change session cookie parameters when session is active in /home/www/htdocs/squirrelmail/functions/global.php on line 472
[17-Oct-2024 01:47:55 UTC] PHP Warning:  session_set_cookie_params(): Cannot change session cookie parameters when session is active in /home/www/htdocs/squirrelmail/functions/global.php on line 472
[17-Oct-2024 01:50:12 UTC] PHP Warning:  session_set_cookie_params(): Cannot change session cookie parameters when session is active in /home/www/htdocs/squirrelmail/functions/global.php on line 472
[17-Oct-2024 01:50:12 UTC] PHP Warning:  session_set_cookie_params(): Cannot change session cookie parameters when session is active in /home/www/htdocs/squirrelmail/functions/global.php on line 472
[17-Oct-2024 01:50:12 UTC] PHP Warning:  session_set_cookie_params(): Cannot change session cookie parameters when session is active in /home/www/htdocs/squirrelmail/functions/global.php on line 472
[17-Oct-2024 01:50:12 UTC] PHP Warning:  session_set_cookie_params(): Cannot change session cookie parameters when session is active in /home/www/htdocs/squirrelmail/functions/global.php on line 472
[17-Oct-2024 01:50:12 UTC] PHP Warning:  session_set_cookie_params(): Cannot change session cookie parameters when session is active in /home/www/htdocs/squirrelmail/functions/global.php on line 472
[17-Oct-2024 01:50:12 UTC] PHP Warning:  session_set_cookie_params(): Cannot change session cookie parameters when session is active in /home/www/htdocs/squirrelmail/functions/global.php on line 472
[17-Oct-2024 01:50:12 UTC] PHP Warning:  session_set_cookie_params(): Cannot change session cookie parameters when session is active in /home/www/htdocs/squirrelmail/functions/global.php on line 472
[17-Oct-2024 01:50:12 UTC] PHP Warning:  session_set_cookie_params(): Cannot change session cookie parameters when session is active in /home/www/htdocs/squirrelmail/functions/global.php on line 472
[17-Oct-2024 01:50:14 UTC] PHP Warning:  session_set_cookie_params(): Cannot change session cookie parameters when session is active in /home/www/htdocs/squirrelmail/functions/global.php on line 472
[17-Oct-2024 01:50:14 UTC] PHP Warning:  session_set_cookie_params(): Cannot change session cookie parameters when session is active in /home/www/htdocs/squirrelmail/functions/global.php on line 472
[17-Oct-2024 01:50:14 UTC] PHP Warning:  session_set_cookie_params(): Cannot change session cookie parameters when session is active in /home/www/htdocs/squirrelmail/functions/global.php on line 472
[17-Oct-2024 01:50:14 UTC] PHP Warning:  session_set_cookie_params(): Cannot change session cookie parameters when session is active in /home/www/htdocs/squirrelmail/functions/global.php on line 472
[17-Oct-2024 01:50:14 UTC] PHP Warning:  session_set_cookie_params(): Cannot change session cookie parameters when session is active in /home/www/htdocs/squirrelmail/functions/global.php on line 472
[17-Oct-2024 01:50:14 UTC] PHP Warning:  session_set_cookie_params(): Cannot change session cookie parameters when session is active in /home/www/htdocs/squirrelmail/functions/global.php on line 472
[17-Oct-2024 01:50:14 UTC] PHP Warning:  session_set_cookie_params(): Cannot change session cookie parameters when session is active in /home/www/htdocs/squirrelmail/functions/global.php on line 472
[17-Oct-2024 01:50:14 UTC] PHP Warning:  session_set_cookie_params(): Cannot change session cookie parameters when session is active in /home/www/htdocs/squirrelmail/functions/global.php on line 472
[17-Oct-2024 01:50:16 UTC] PHP Warning:  session_set_cookie_params(): Cannot change session cookie parameters when session is active in /home/www/htdocs/squirrelmail/functions/global.php on line 472
[17-Oct-2024 01:50:16 UTC] PHP Warning:  session_set_cookie_params(): Cannot change session cookie parameters when session is active in /home/www/htdocs/squirrelmail/functions/global.php on line 472
[17-Oct-2024 01:50:16 UTC] PHP Warning:  session_set_cookie_params(): Cannot change session cookie parameters when session is active in /home/www/htdocs/squirrelmail/functions/global.php on line 472
[17-Oct-2024 01:50:16 UTC] PHP Warning:  session_set_cookie_params(): Cannot change session cookie parameters when session is active in /home/www/htdocs/squirrelmail/functions/global.php on line 472
[17-Oct-2024 01:50:16 UTC] PHP Warning:  session_set_cookie_params(): Cannot change session cookie parameters when session is active in /home/www/htdocs/squirrelmail/functions/global.php on line 472
[17-Oct-2024 01:50:16 UTC] PHP Warning:  session_set_cookie_params(): Cannot change session cookie parameters when session is active in /home/www/htdocs/squirrelmail/functions/global.php on line 472
[17-Oct-2024 03:43:42 UTC] PHP Warning:  session_set_cookie_params(): Cannot change session cookie parameters when session is active in /home/www/htdocs/squirrelmail/functions/global.php on line 472
[17-Oct-2024 03:43:42 UTC] PHP Warning:  session_set_cookie_params(): Cannot change session cookie parameters when session is active in /home/www/htdocs/squirrelmail/functions/global.php on line 472
[17-Oct-2024 03:43:42 UTC] PHP Warning:  session_set_cookie_params(): Cannot change session cookie parameters when session is active in /home/www/htdocs/squirrelmail/functions/global.php on line 472
[17-Oct-2024 03:43:42 UTC] PHP Warning:  session_set_cookie_params(): Cannot change session cookie parameters when session is active in /home/www/htdocs/squirrelmail/functions/global.php on line 472
[17-Oct-2024 03:43:42 UTC] PHP Warning:  session_set_cookie_params(): Cannot change session cookie parameters when session is active in /home/www/htdocs/squirrelmail/functions/global.php on line 472
[17-Oct-2024 03:43:42 UTC] PHP Warning:  session_set_cookie_params(): Cannot change session cookie parameters when session is active in /home/www/htdocs/squirrelmail/functions/global.php on line 472
